[Message:   BepInEx] BepInEx 5.4.22.0 - Lethal Company (11/26/2023 1:31:06 PM)
[Info   :   BepInEx] Running under Unity v2022.3.9.15351836
[Info   :   BepInEx] CLR runtime version: 4.0.30319.42000
[Info   :   BepInEx] Supports SRE: True
[Info   :   BepInEx] System platform: Bits64, Windows
[Message:   BepInEx] Preloader started
[Info   :   BepInEx] Loaded 1 patcher method from [BepInEx.Preloader 5.4.22.0]
[Info   :   BepInEx] Loaded 1 patcher method from [BepInEx.MonoMod.HookGenPatcher 1.2.1.0]
[Info   :   BepInEx] 2 patcher plugins loaded
[Info   :HookGenPatcher] Previous MMHOOK location found. Using that location to save instead.
[Info   :HookGenPatcher] Already ran for this version, reusing that file.
[Info   :HookGenPatcher] Previous MMHOOK location found. Using that location to save instead.
[Info   :HookGenPatcher] Already ran for this version, reusing that file.
[Info   :HookGenPatcher] Previous MMHOOK location found. Using that location to save instead.
[Info   :HookGenPatcher] Already ran for this version, reusing that file.
[Info   :HookGenPatcher] Previous MMHOOK location found. Using that location to save instead.
[Info   :HookGenPatcher] Already ran for this version, reusing that file.
[Info   :HookGenPatcher] Previous MMHOOK location found. Using that location to save instead.
[Info   :HookGenPatcher] Already ran for this version, reusing that file.
[Info   :HookGenPatcher] Previous MMHOOK location found. Using that location to save instead.
[Info   :HookGenPatcher] Already ran for this version, reusing that file.
[Info   :   BepInEx] Patching [UnityEngine.CoreModule] with [BepInEx.Chainloader]
[Message:   BepInEx] Preloader finished
[Message:   BepInEx] Chainloader ready
[Message:   BepInEx] Chainloader started
[Info   :   BepInEx] 16 plugins to load
[Info   :   BepInEx] Loading [Terminal Api 1.5.0]
[Info   :Terminal Api] Plugin TerminalApi is loaded!
[Info   :   BepInEx] Loading [ShipLoot 1.0]
[Info   :   BepInEx] Loading [Lethal Company Input Utils 0.4.4]
[Info   :Lethal Company Input Utils] Plugin com.rune580.LethalCompanyInputUtils is loaded!
[Info   :   BepInEx] Loading [Configurable Company 2.4.0]
[Info   :Configurable Company] Initializating Configurable Company
[Info   :Configurable Company] Setting up Configurable Company
[Info   :Configurable Company] Enabling Configurable Company
[Info   :Configurable Company] Configurable company plugin loaded!
[Info   :   BepInEx] Loading [Configurable Company Variables 1.5.3]
[Info   :Configurable Company Variables] Loading configurable variables
[Info   :Configurable Company Variables] Patched >> Terminal::ParsePlayerSentence
[Info   :Configurable Company Variables] Patched >> MenuManager::ClickHostButton
[Info   :Configurable Company Variables] Patched >> TimeOfDay::Awake
[Info   :Configurable Company Variables] Patched >> StartOfRound::Awake
[Info   :Configurable Company Variables] Patched >> StartOfRound::SetMapScreenInfoToCurrentLevel
[Info   :Configurable Company Variables] Patched >> RoundManager::Awake
[Info   :Configurable Company Variables] Patched >> RoundManager::SpawnDaytimeEnemiesOutside
[Info   :Configurable Company Variables] Patched >> RoundManager::PlotOutEnemiesForNextHour
[Info   :Configurable Company Variables] Patched >> RoundManager::SpawnEnemiesOutside
[Info   :Configurable Company Variables] Patched >> SelectableLevel::.ctor
[Info   :Configurable Company Variables] Patched >> Terminal::TextPostProcess
[Info   :Configurable Company Variables] Patched >> EnemyType::.ctor
[Info   :Configurable Company Variables] Patched >> HUDManager::ApplyPenalty
[Info   :Configurable Company Variables] Patched >> HUDManager::UseSignalTranslatorServerRpc
[Info   :Configurable Company Variables] Patched >> HUDManager::UseSignalTranslatorClientRpc
[Info   :Configurable Company Variables] Patched >> HUDManager::DisplaySignalTranslatorMessage
[Info   :Configurable Company Variables] Patched >> HangarShipDoor::Start
[Info   :Configurable Company Variables] Patched >> GrabbableObject::Start
[Info   :Configurable Company Variables] Plugin Lethal_Company_Variables is loaded!
[Info   :   BepInEx] Loading [Lethal Company API 3.3.2]
[Warning:Lethal Company API] 
.____    _________           _____  __________ .___  
|    |   \_   ___ \         /  _  \ \______   \|   | 
|    |   /    \  \/        /  /_\  \ |     ___/|   | 
|    |___\     \____      /    |    \|    |    |   | 
|_______ \\______  /______\____|__  /|____|    |___| 
        \/       \//_____/        \/                 
                                                     
[Info   :Lethal Company API] LC_API Starting up..
[Info   :   BepInEx] Loading [LethalAPI.TerminalCommands 1.1.0]
[Info   :LethalAPI.TerminalCommands] LethalAPI.TerminalCommands is loading...
[Info   :LethalAPI.TerminalCommands] Installing patches
[Info   :LethalAPI.TerminalCommands] Registering built-in Commands
[Info   :LethalAPI.TerminalCommands] Plugin LethalAPI.TerminalCommands is loaded!
[Info   :   BepInEx] Loading [LethalCompanyDRP 1.3.5]
[Info   :LethalCompanyDRP] Started LethalCompanyDRP
[Info   :   BepInEx] Loading [MoreCompany 1.7.4]
[Info   :MoreCompany] Loading MoreCompany...
[Info   :MoreCompany] Checking: E:\SteamLibrary\steamapps\common\Lethal Company\BepInEx\plugins/MoreCompanyCosmetics
[Info   :MoreCompany] Read settings and cosmetics
[Info   :MoreCompany] Loaded cosmetic: builtin.3dglasses from bundle
[Info   :MoreCompany] Loaded cosmetic: builtin.bunnyears from bundle
[Info   :MoreCompany] Loaded cosmetic: builtin.denimhat from bundle
[Info   :MoreCompany] Loaded cosmetic: builtin.fancyglasses from bundle
[Info   :MoreCompany] Loaded cosmetic: builtin.partyglasses from bundle
[Info   :MoreCompany] Loaded cosmetic: builtin.gunholster from bundle
[Info   :MoreCompany] Loaded cosmetic: builtin.hardhat from bundle
[Info   :MoreCompany] Loaded cosmetic: builtin.jesterhat from bundle
[Info   :MoreCompany] Loaded cosmetic: builtin.kittyears from bundle
[Info   :MoreCompany] Loaded cosmetic: builtin.mimemask from bundle
[Info   :MoreCompany] Loaded cosmetic: builtin.fancypants from bundle
[Info   :MoreCompany] Loaded cosmetic: builtin.outoforder from bundle
[Info   :MoreCompany] Loaded cosmetic: builtin.partyhat from bundle
[Info   :MoreCompany] Loaded cosmetic: builtin.plaguemask from bundle
[Info   :MoreCompany] Loaded cosmetic: builtin.propellerhat from bundle
[Info   :MoreCompany] Loaded cosmetic: builtin.eyeballs from bundle
[Info   :MoreCompany] Loaded cosmetic: builtin.rudolph from bundle
[Info   :MoreCompany] Loaded cosmetic: builtin.santahat from bundle
[Info   :MoreCompany] Loaded cosmetic: builtin.slimething from bundle
[Info   :MoreCompany] Loaded cosmetic: builtin.tophat from bundle
[Info   :MoreCompany] Loaded cosmetic: builtin.watch from bundle
[Info   :MoreCompany] Loading USER COSMETICS...
[Info   :MoreCompany] Loaded MoreCompany FULLY
[Info   :   BepInEx] Loading [Helmet_Cameras 2.1.3]
[Info   :Helmet_Cameras] Plugin Helmet_Cameras is loaded with version 2.1.3!
[Info   :Helmet_Cameras] --------Helmet camera patch done.---------
[Info   :   BepInEx] Loading [SpectateEnemy 1.5.0]
[Info   :SpectateEnemy] SpectateEnemy loaded!
[Info   :   BepInEx] Loading [TerminalHistory 1.1.0]
[Message:Terminal Api] Not in game, waiting to be in game to add show keyword.
[Message:Terminal Api] Not in game, waiting to be in game to add history keyword.
[Info   :TerminalHistory] Plugin TerminalHistory is loaded!
[Info   :   BepInEx] Loading [Late Company 1.0.10]
[Info   :Late Company] Late Company loaded!
[Info   :   BepInEx] Loading [Terminal Extras 1.0.1]
[Info   :   BepInEx] Loading [Better Lethality 1.0.0.0]
[Info   :Better Lethality] Lethality has been bettered
[Info   :   BepInEx] Loading [More Suits 1.3.2]
[Info   :More Suits] Plugin More Suits is loaded!
[Message:   BepInEx] Chainloader startup complete
[Info   :Lethal Company API] LC_API Started!
[Info   :LethalCompanyDRP] Discord RPC Started
[Info   :Configurable Company Variables] EnemyType::Constructor [Postfix]
[Info   :Configurable Company Variables] EnemyType::Constructor [Postfix]
[Info   :Configurable Company Variables] EnemyType::Constructor [Postfix]
[Info   :Configurable Company Variables] EnemyType::Constructor [Postfix]
[Info   :Configurable Company Variables] EnemyType::Constructor [Postfix]
[Info   :Configurable Company Variables] EnemyType::Constructor [Postfix]
[Info   :Configurable Company Variables] EnemyType::Constructor [Postfix]
[Info   :Configurable Company Variables] EnemyType::Constructor [Postfix]
[Info   :Configurable Company Variables] EnemyType::Constructor [Postfix]
[Info   :Configurable Company Variables] EnemyType::Constructor [Postfix]
[Info   :Configurable Company Variables] EnemyType::Constructor [Postfix]
[Info   :Configurable Company Variables] EnemyType::Constructor [Postfix]
[Info   :Configurable Company Variables] EnemyType::Constructor [Postfix]
[Info   :Configurable Company Variables] EnemyType::Constructor [Postfix]
[Info   :Configurable Company Variables] EnemyType::Constructor [Postfix]
[Info   :Configurable Company Variables] EnemyType::Constructor [Postfix]
[Info   :Configurable Company Variables] EnemyType::Constructor [Postfix]
[Info   :Configurable Company Variables] EnemyType::Constructor [Postfix]
[Info   :Configurable Company Variables] EnemyType::Constructor [Postfix]
[Info   :Configurable Company Variables] EnemyType::Constructor [Postfix]
[Info   :Configurable Company Variables] EnemyType::Constructor [Postfix]
[Info   :Configurable Company Variables] MenuManager::ClickHostButton [Prefix]
[Info   :   Console] [Configurable Company] ReadAll from file C:/Users/bther/AppData/LocalLow/ZeekerssRBLX/Lethal Company\LCSaveFile1Config
[Info   :   Console] [Configurable Company] SaveAll to file C:/Users/bther/AppData/LocalLow/ZeekerssRBLX/Lethal Company\LCSaveFile1Config
[Message:Lethal Company API] server pre-setup success
[Info   :Configurable Company Variables] SelectableLevel::Constructor [Postfix]
[Info   :Configurable Company Variables] SelectableLevel::Constructor [Postfix]
[Info   :Configurable Company Variables] SelectableLevel::Constructor [Postfix]
[Info   :Configurable Company Variables] SelectableLevel::Constructor [Postfix]
[Info   :Configurable Company Variables] SelectableLevel::Constructor [Postfix]
[Info   :Configurable Company Variables] SelectableLevel::Constructor [Postfix]
[Info   :Configurable Company Variables] SelectableLevel::Constructor [Postfix]
[Info   :Configurable Company Variables] SelectableLevel::Constructor [Postfix]
[Info   :Configurable Company Variables] SelectableLevel::Constructor [Postfix]
[Info   :Configurable Company Variables] SelectableLevel::Constructor [Postfix]
[Info   :Configurable Company Variables] StartOfRound::Awake [Postfix]
[Message:Terminal Api] In game, applying any changes now.
[Message:Terminal Api] Added show keyword to terminal keywords.
[Message:Terminal Api] Added history keyword to terminal keywords.
[Info   :Configurable Company Variables] RoundManager::Awake [Postfix]
[Info   :Configurable Company Variables] ------> Scrap value changed 0.4 -> 0.4
[Info   :Configurable Company Variables] ------> Scrap amount changed 1 -> 1
[Info   :Configurable Company Variables] TimeOfDay::Awake [Postfix]
[Info   :Configurable Company Variables] StartOfRound::SetMapScreenInfoToCurrentLevel [Postfix]
[Info   :Configurable Company Variables] StartOfRound::SetMapScreenInfoToCurrentLevel [Postfix]
[Info   :Configurable Company Variables] HangarShipDoor::Start [Postfix]
[Info   :Configurable Company Variables] GrabbableObject::Start [Postfix]
[Info   :Configurable Company Variables] GrabbableObject::Start [Postfix]
[Info   :Configurable Company Variables] Terminal::TextPostProcess [Prefix]
[Info   :Configurable Company Variables] Terminal::TextPostProcess [Prefix]
[Info   :Configurable Company Variables] Terminal::TextPostProcess [Prefix]
[Info   :Configurable Company Variables] Terminal::TextPostProcess [Prefix]
[Info   :TerminalHistory] Replacing command text with: light
[Info   :TerminalHistory] Replacing command text with: other
[Info   :TerminalHistory] Replacing command text with: help
[Info   :TerminalHistory] Replacing command text with: 
[Info   :TerminalHistory] Replacing command text with: 
[Info   :TerminalHistory] Replacing command text with: 
[Info   :TerminalHistory] Replacing command text with: help
[Info   :TerminalHistory] Replacing command text with: other
[Info   :TerminalHistory] Replacing command text with: light
[Info   :TerminalHistory] Replacing command text with: 
[Info   :TerminalHistory] Replacing command text with: 
[Info   :TerminalHistory] Replacing command text with: light
[Info   :TerminalHistory] Replacing command text with: other
[Info   :TerminalHistory] Replacing command text with: help
[Info   :TerminalHistory] Replacing command text with: 
[Info   :TerminalHistory] Replacing command text with: help
[Info   :TerminalHistory] Replacing command text with: other
[Info   :TerminalHistory] Replacing command text with: light
[Info   :TerminalHistory] Replacing command text with: 
[Info   :Configurable Company Variables] Terminal::TextPostProcess [Prefix]
[Info   :TerminalHistory] Replacing command text with: swdawdw
[Info   :TerminalHistory] Replacing command text with: light
[Info   :TerminalHistory] Replacing command text with: other
[Info   :TerminalHistory] Replacing command text with: help
[Info   :TerminalHistory] Replacing command text with: 
[Info   :TerminalHistory] Replacing command text with: help
[Info   :TerminalHistory] Replacing command text with: other
[Info   :TerminalHistory] Replacing command text with: light
[Info   :TerminalHistory] Replacing command text with: swdawdw
[Info   :TerminalHistory] Replacing command text with: 
[Info   :TerminalHistory] Replacing command text with: 
[Info   :Configurable Company Variables] Terminal::TextPostProcess [Prefix]
[Info   :Configurable Company Variables] Terminal::TextPostProcess [Prefix]
[Info   :Configurable Company Variables] GrabbableObject::Start [Postfix]
[Info   :Configurable Company Variables] GrabbableObject::Start [Postfix]
[Info   :Configurable Company Variables] GrabbableObject::Start [Postfix]
[Info   :Configurable Company Variables] GrabbableObject::Start [Postfix]
[Info   :Configurable Company Variables] GrabbableObject::Start [Postfix]
[Info   :Configurable Company Variables] GrabbableObject::Start [Postfix]
[Info   :Configurable Company Variables] GrabbableObject::Start [Postfix]
[Info   :Configurable Company Variables] GrabbableObject::Start [Postfix]
[Info   :Configurable Company Variables] GrabbableObject::Start [Postfix]
[Info   :Configurable Company Variables] GrabbableObject::Start [Postfix]
[Info   :Configurable Company Variables] GrabbableObject::Start [Postfix]
[Info   :Configurable Company Variables] GrabbableObject::Start [Postfix]
[Info   :Configurable Company Variables] GrabbableObject::Start [Postfix]
[Info   :Configurable Company Variables] GrabbableObject::Start [Postfix]
[Info   :Configurable Company Variables] RoundManager::PlotOutEnemiesForNextHour [Transpiler]
[Info   :Configurable Company Variables] Enemy spawn multiplier: 1 -> 1
[Info   :Configurable Company Variables] RoundManager::SpawnDaytimeEnemiesOutside [Transpiler]
[Info   :Configurable Company Variables] Outside daytime enemy spawn multiplier: 0 -> 0
[Info   :Configurable Company Variables] RoundManager::SpawnEnemiesOutside [Transpiler]
[Info   :Configurable Company Variables] Outside nighttime enemy spawn multiplier: 0 -> 0
[Info   :Configurable Company Variables] RoundManager::PlotOutEnemiesForNextHour [Transpiler]
[Info   :Configurable Company Variables] Enemy spawn multiplier: 0 -> 0
[Info   :Configurable Company Variables] RoundManager::SpawnDaytimeEnemiesOutside [Transpiler]
[Info   :Configurable Company Variables] Outside daytime enemy spawn multiplier: 0 -> 0
[Info   :Configurable Company Variables] RoundManager::SpawnEnemiesOutside [Transpiler]
[Info   :Configurable Company Variables] Outside nighttime enemy spawn multiplier: 0 -> 0
[Info   :Configurable Company Variables] RoundManager::PlotOutEnemiesForNextHour [Transpiler]
[Info   :Configurable Company Variables] Enemy spawn multiplier: 1 -> 1
[Info   :Configurable Company Variables] RoundManager::SpawnDaytimeEnemiesOutside [Transpiler]
[Info   :Configurable Company Variables] Outside daytime enemy spawn multiplier: 0 -> 0
[Info   :Configurable Company Variables] RoundManager::SpawnEnemiesOutside [Transpiler]
[Info   :Configurable Company Variables] Outside nighttime enemy spawn multiplier: 0 -> 0
[Info   :Configurable Company Variables] RoundManager::PlotOutEnemiesForNextHour [Transpiler]
[Info   :Configurable Company Variables] Enemy spawn multiplier: 0 -> 0
